C51 COMPILER V9.60.0.0   LCDPRO6                                                           10/28/2023 17:31:44 PAGE 1   


C51 COMPILER V9.60.0.0, COMPILATION OF MODULE LCDPRO6
OBJECT MODULE PLACED IN .\Objects\LCDpro6.obj
COMPILER INVOKED BY: C:\Keil_v5\C51\BIN\C51.EXE LCDpro6.c OPTIMIZE(8,SPEED) BROWSE DEBUG OBJECTEXTEND PRINT(.\Listings\L
                    -CDpro6.lst) TABS(2) OBJECT(.\Objects\LCDpro6.obj)

line level    source

   1          #include <reg51.h>
   2          
   3          sbit r1= P1^0;
   4          sbit r2= P1^1;
   5          sbit r3= P1^2;
   6          sbit r4= P1^3;
   7          sbit c1= P1^4;
   8          sbit c2= P1^5;
   9          sbit c3= P1^6;
  10          sbit rs= P3^0;
  11          sbit rw= P3^1;
  12          sbit en= P3^2;
  13          sfr lcd=0xa0;
  14          
  15          void lcdcmd(unsigned char);
  16          void lcddat(unsigned char);
  17          void delay();
  18          void delay1();
  19          void main(){
  20   1      P2=0x100;
  21   1      //lcdcmd(0x38);
  22   1      //delay();
  23   1      //lcdcmd(0x01);
  24   1      //delay();
  25   1      //lcdcmd(0x06);
  26   1      //delay();
  27   1      //lcdcmd(0x0c);
  28   1      //delay();
  29   1      //lcdcmd(0x81);
  30   1      //delay();
  31   1      while(1){
  32   2      r1=0;
  33   2      if(c1==0){
  34   3      lcddat('1');
  35   3      delay();
  36   3      }
  37   2      if(c2==0){
  38   3      lcddat('2');
  39   3      delay();
  40   3      delay1();
  41   3      }
  42   2      if(c3==0){
  43   3      lcddat('3');
  44   3      delay();
  45   3      delay1();
  46   3      }
  47   2      r1=1;r2=0;
  48   2      if(c1==0){
  49   3      lcddat('4');
  50   3      delay();
  51   3      delay1();
  52   3      }
  53   2      if(c2==0){
  54   3      lcddat('5');
C51 COMPILER V9.60.0.0   LCDPRO6                                                           10/28/2023 17:31:44 PAGE 2   

  55   3      delay();
  56   3      delay1();
  57   3      }
  58   2      if(c3==0){
  59   3      lcddat('6');
  60   3      delay();
  61   3      delay1();
  62   3      }
  63   2      r2=1; r3=0;
  64   2      if(c1==0){
  65   3      lcddat('7');
  66   3      delay();
  67   3      delay1();
  68   3      }
  69   2      if(c2==0){
  70   3      lcddat('8');
  71   3      delay();
  72   3      delay1();
  73   3      }
  74   2      if(c3==0){
  75   3      lcddat('9');
  76   3      delay();
  77   3      delay1();
  78   3      }
  79   2      r3=1;r4=0;
  80   2      if(c1==0){
  81   3      lcddat('*');
  82   3      delay();
  83   3      delay1();
  84   3      }
  85   2      if(c2==0){
  86   3      lcddat('0');
  87   3      delay();
  88   3      delay1();
  89   3      }
  90   2      if(c3==0){
  91   3      lcddat('#');
  92   3      delay();
  93   3      delay1();
  94   3      }
  95   2      r4=1;
  96   2      lcdcmd(0x38);
  97   2      delay();
  98   2      lcdcmd(0x01);
  99   2      delay();
 100   2      lcdcmd(0x06);
 101   2      delay();
 102   2      lcdcmd(0x0c);
 103   2      delay();
 104   2      lcdcmd(0x81);
 105   2      delay();
 106   2      }
 107   1      }
 108          
 109          void lcdcmd(unsigned char val)
 110          {
 111   1      P2=val;
 112   1      rs=0;
 113   1      rw=0;
 114   1      en=1;
 115   1      delay();
 116   1      en=0;
C51 COMPILER V9.60.0.0   LCDPRO6                                                           10/28/2023 17:31:44 PAGE 3   

 117   1      }
 118          
 119          void lcddat(unsigned char dat){
 120   1      P2=dat;
 121   1      rs=1;
 122   1      rw=0;
 123   1      en=1;
 124   1      
 125   1      delay();
 126   1      en=0;
 127   1      }
 128          
 129          void delay(){
 130   1      unsigned int i;
 131   1      for(i=0;i<10000;i++){}
 132   1      }
 133          
 134          void delay1(){
 135   1      unsigned int j,k;
 136   1      for(j=0;j<200;j++)
 137   1      for(k=0;k<2000;k++){}
 138   1      }
 139          
 140          


MODULE INFORMATION:   STATIC OVERLAYABLE
   CODE SIZE        =    299    ----
   CONSTANT SIZE    =   ----    ----
   XDATA SIZE       =   ----    ----
   PDATA SIZE       =   ----    ----
   DATA SIZE        =   ----    ----
   IDATA SIZE       =   ----    ----
   BIT SIZE         =   ----    ----
END OF MODULE INFORMATION.


C51 COMPILATION COMPLETE.  0 WARNING(S),  0 ERROR(S)
