C51 COMPILER V9.60.0.0   LEDCODE                                                           10/07/2023 11:15:03 PAGE 1   


C51 COMPILER V9.60.0.0, COMPILATION OF MODULE LEDCODE
OBJECT MODULE PLACED IN .\Objects\LEDcode.obj
COMPILER INVOKED BY: C:\Keil_v5\C51\BIN\C51.EXE LEDcode.c OPTIMIZE(8,SPEED) BROWSE DEBUG OBJECTEXTEND PRINT(.\Listings\L
                    -EDcode.lst) TABS(2) OBJECT(.\Objects\LEDcode.obj)

line level    source

   1          #include<reg51.h>
   2          sbit LED=P2^0;
   3          sbit LED2=P2^2;
   4          sbit LED3=P2^4;
   5          sbit LED4=P2^6;
   6          void delay();
   7          void main(void)
   8          {
   9   1      while(1){
  10   2      
  11   2      LED =0;
  12   2      LED2=1;
  13   2      LED3=0;
  14   2      LED4=1; 
  15   2        
  16   2      delay();
  17   2        
  18   2      
  19   2      LED=1;
  20   2      LED2=0;
  21   2      LED3=1;
  22   2      LED4=0;
  23   2      delay();
  24   2      
  25   2      }
  26   1      }
  27          
  28          void delay(){
  29   1      int i;
  30   1      int j;
  31   1      for(i=0;i<0;i++){
  32   2      for(j=0;j<10000;j++){}
  33   2      }
  34   1      }


MODULE INFORMATION:   STATIC OVERLAYABLE
   CODE SIZE        =     57    ----
   CONSTANT SIZE    =   ----    ----
   XDATA SIZE       =   ----    ----
   PDATA SIZE       =   ----    ----
   DATA SIZE        =   ----    ----
   IDATA SIZE       =   ----    ----
   BIT SIZE         =   ----    ----
END OF MODULE INFORMATION.


C51 COMPILATION COMPLETE.  0 WARNING(S),  0 ERROR(S)
