C51 COMPILER V9.60.0.0   SQWAVECODE                                                        10/07/2023 12:51:08 PAGE 1   


C51 COMPILER V9.60.0.0, COMPILATION OF MODULE SQWAVECODE
OBJECT MODULE PLACED IN .\Objects\SqWaveCode.obj
COMPILER INVOKED BY: C:\Keil_v5\C51\BIN\C51.EXE SqWaveCode.c OPTIMIZE(8,SPEED) BROWSE DEBUG OBJECTEXTEND PRINT(.\Listing
                    -s\SqWaveCode.lst) TABS(2) OBJECT(.\Objects\SqWaveCode.obj)

line level    source

   1          #include<reg51.h>
   2          sbit pin=P1^0;
   3          
   4          void main(){
   5   1      P1=0x00;
   6   1      TMOD=0x10;
   7   1      loop:TL0=0xAF;
   8   1       TH0=0x3C;
   9   1       pin=0;
  10   1       TR0=1;
  11   1       while(TF0==0){}
  12   1       TL0=0xAF;
  13   1       TH0=0x8B;
  14   1       pin=1;
  15   1       while(TF0==0){}
  16   1      goto loop;
  17   1      }


MODULE INFORMATION:   STATIC OVERLAYABLE
   CODE SIZE        =     32    ----
   CONSTANT SIZE    =   ----    ----
   XDATA SIZE       =   ----    ----
   PDATA SIZE       =   ----    ----
   DATA SIZE        =   ----    ----
   IDATA SIZE       =   ----    ----
   BIT SIZE         =   ----    ----
END OF MODULE INFORMATION.


C51 COMPILATION COMPLETE.  0 WARNING(S),  0 ERROR(S)
