A51 MACRO ASSEMBLER  8BITADD                                                              10/28/2023 15:07:55 PAGE     1


MACRO ASSEMBLER A51 V8.2.7.0
OBJECT MODULE PLACED IN .\Objects\8bitAdd.obj
ASSEMBLER INVOKED BY: C:\Keil_v5\C51\BIN\A51.EXE 8bitAdd.asm SET(SMALL) DEBUG PRINT(.\Listings\8bitAdd.lst) OBJECT(.\Obj
                      ects\8bitAdd.obj) EP

LOC  OBJ            LINE     SOURCE

0000                   1     ORG 00H
0000 7580FF            2     Mov p0,#0FFH
0003 7590FF            3     Mov P1,#0FFH
0006 75A000            4     Mov p2,#00H
0009 75B000            5     Mov p3,#00H
                       6     
000C 7900              7     L1: Mov R1,#00H
000E 8580F0            8     Mov B,p0
0011 E590              9     Mov A,p1
0013 C3               10     CLR C
0014 25F0             11     Add A,B
0016 5001             12     Jnc L2
0018 09               13     Inc R1
0019 89A0             14     L2: Mov p2,R1
                      15     
001B F5B0             16     Mov P3,A
001D 80ED             17     SJMP L1
                      18     END
A51 MACRO ASSEMBLER  8BITADD                                                              10/28/2023 15:07:55 PAGE     2

SYMBOL TABLE LISTING
------ ----- -------


N A M E             T Y P E  V A L U E   ATTRIBUTES

B. . . . . . . . .  D ADDR   00F0H   A   
L1 . . . . . . . .  C ADDR   000CH   A   
L2 . . . . . . . .  C ADDR   0019H   A   
P0 . . . . . . . .  D ADDR   0080H   A   
P1 . . . . . . . .  D ADDR   0090H   A   
P2 . . . . . . . .  D ADDR   00A0H   A   
P3 . . . . . . . .  D ADDR   00B0H   A   


REGISTER BANK(S) USED: 0 


ASSEMBLY COMPLETE.  0 WARNING(S), 0 ERROR(S)
